2020-05-11 00:12:58,658 [main] INFO  [com.drgs.BusinessbootApplication] StartupInfoLogger.java:50 - Starting BusinessbootApplication on LIWENXUAN with PID 9852 (C:\Users\liwenxuan\Desktop\businessboot\target\classes started by liwenxuan in C:\Users\liwenxuan\Desktop\businessboot)
2020-05-11 00:12:58,670 [main] INFO  [com.drgs.BusinessbootApplication] SpringApplication.java:651 - The following profiles are active: dev
2020-05-11 00:12:59,510 [main] WARN  [org.mybatis.spring.mapper.ClassPathMapperScanner] ClassPathMapperScanner.java:166 - No MyBatis mapper was found in '[com.drgs.dao]' package. Please check your configuration.
2020-05-11 00:12:59,804 [main] INFO  [o.s.d.r.config.RepositoryConfigurationDelegate] RepositoryConfigurationDelegate.java:244 - Multiple Spring Data modules found, entering strict repository configuration mode!
2020-05-11 00:12:59,809 [main] INFO  [o.s.d.r.config.RepositoryConfigurationDelegate] RepositoryConfigurationDelegate.java:126 - Bootstrapping Spring Data repositories in DEFAULT mode.
2020-05-11 00:12:59,869 [main] INFO  [o.s.d.r.config.RepositoryConfigurationDelegate] RepositoryConfigurationDelegate.java:182 - Finished Spring Data repository scanning in 37ms. Found 0 repository interfaces.
2020-05-11 00:13:00,373 [main] INFO  [o.s.c.s.PostProcessorRegistrationDelegate$BeanPostProcessorChecker] PostProcessorRegistrationDelegate.java:330 - Bean 'org.springframework.transaction.annotation.ProxyTransactionManagementConfiguration' of type [org.springframework.transaction.annotation.ProxyTransactionManagementConfiguration$$EnhancerBySpringCGLIB$$39fcb39d] is not eligible for getting processed by all BeanPostProcessors (for example: not eligible for auto-proxying)
2020-05-11 00:13:00,760 [main] INFO  [o.s.boot.web.embedded.tomcat.TomcatWebServer] TomcatWebServer.java:90 - Tomcat initialized with port(s): 8888 (http)
2020-05-11 00:13:00,781 [main] INFO  [org.apache.coyote.http11.Http11NioProtocol] DirectJDKLog.java:173 - Initializing ProtocolHandler ["http-nio-8888"]
2020-05-11 00:13:00,794 [main] INFO  [org.apache.catalina.core.StandardService] DirectJDKLog.java:173 - Starting service [Tomcat]
2020-05-11 00:13:00,795 [main] INFO  [org.apache.catalina.core.StandardEngine] DirectJDKLog.java:173 - Starting Servlet engine: [Apache Tomcat/9.0.22]
2020-05-11 00:13:01,116 [main] INFO  [o.a.c.core.ContainerBase.[Tomcat].[localhost].[/]] DirectJDKLog.java:173 - Initializing Spring embedded WebApplicationContext
2020-05-11 00:13:01,117 [main] INFO  [org.springframework.web.context.ContextLoader] ServletWebServerApplicationContext.java:284 - Root WebApplicationContext: initialization completed in 2376 ms
2020-05-11 00:13:01,249 [main] INFO  [c.a.d.s.b.a.DruidDataSourceAutoConfigure] DruidDataSourceAutoConfigure.java:56 - Init DruidDataSource
2020-05-11 00:13:01,433 [main] INFO  [com.alibaba.druid.pool.DruidDataSource] DruidDataSource.java:930 - {dataSource-1} inited
2020-05-11 00:13:01,938 [main] INFO  [o.s.scheduling.concurrent.ThreadPoolTaskExecutor] ExecutorConfigurationSupport.java:171 - Initializing ExecutorService 'applicationTaskExecutor'
2020-05-11 00:13:02,073 [main] WARN  [o.s.b.a.t.ThymeleafAutoConfiguration$DefaultTemplateResolverConfiguration] ThymeleafAutoConfiguration.java:106 - Cannot find template location: classpath:/templates/ (please add some templates or check your Thymeleaf configuration)
2020-05-11 00:13:02,750 [main] INFO  [o.s.scheduling.concurrent.ThreadPoolTaskScheduler] ExecutorConfigurationSupport.java:171 - Initializing ExecutorService 'taskScheduler'
2020-05-11 00:13:02,831 [main] INFO  [org.apache.coyote.http11.Http11NioProtocol] DirectJDKLog.java:173 - Starting ProtocolHandler ["http-nio-8888"]
2020-05-11 00:13:02,878 [main] INFO  [o.s.boot.web.embedded.tomcat.TomcatWebServer] TomcatWebServer.java:202 - Tomcat started on port(s): 8888 (http) with context path ''
2020-05-11 00:13:02,881 [main] INFO  [com.drgs.BusinessbootApplication] StartupInfoLogger.java:59 - Started BusinessbootApplication in 5.206 seconds (JVM running for 7.358)
2020-05-11 00:13:12,814 [http-nio-8888-exec-1] INFO  [o.a.c.core.ContainerBase.[Tomcat].[localhost].[/]] DirectJDKLog.java:173 - Initializing Spring DispatcherServlet 'dispatcherServlet'
2020-05-11 00:13:12,814 [http-nio-8888-exec-1] INFO  [org.springframework.web.servlet.DispatcherServlet] FrameworkServlet.java:524 - Initializing Servlet 'dispatcherServlet'
2020-05-11 00:13:12,827 [http-nio-8888-exec-1] INFO  [org.springframework.web.servlet.DispatcherServlet] FrameworkServlet.java:546 - Completed initialization in 12 ms
2020-05-11 00:16:15,618 [main] INFO  [com.drgs.BusinessbootApplication] StartupInfoLogger.java:50 - Starting BusinessbootApplication on LIWENXUAN with PID 6376 (C:\Users\liwenxuan\Desktop\businessboot\target\classes started by liwenxuan in C:\Users\liwenxuan\Desktop\businessboot)
2020-05-11 00:16:15,623 [main] INFO  [com.drgs.BusinessbootApplication] SpringApplication.java:651 - The following profiles are active: dev
2020-05-11 00:16:16,477 [main] WARN  [org.mybatis.spring.mapper.ClassPathMapperScanner] ClassPathMapperScanner.java:166 - No MyBatis mapper was found in '[com.drgs.dao]' package. Please check your configuration.
2020-05-11 00:16:16,741 [main] INFO  [o.s.d.r.config.RepositoryConfigurationDelegate] RepositoryConfigurationDelegate.java:244 - Multiple Spring Data modules found, entering strict repository configuration mode!
2020-05-11 00:16:16,746 [main] INFO  [o.s.d.r.config.RepositoryConfigurationDelegate] RepositoryConfigurationDelegate.java:126 - Bootstrapping Spring Data repositories in DEFAULT mode.
2020-05-11 00:16:16,792 [main] INFO  [o.s.d.r.config.RepositoryConfigurationDelegate] RepositoryConfigurationDelegate.java:182 - Finished Spring Data repository scanning in 28ms. Found 0 repository interfaces.
2020-05-11 00:16:17,228 [main] INFO  [o.s.c.s.PostProcessorRegistrationDelegate$BeanPostProcessorChecker] PostProcessorRegistrationDelegate.java:330 - Bean 'org.springframework.transaction.annotation.ProxyTransactionManagementConfiguration' of type [org.springframework.transaction.annotation.ProxyTransactionManagementConfiguration$$EnhancerBySpringCGLIB$$1f42beb4] is not eligible for getting processed by all BeanPostProcessors (for example: not eligible for auto-proxying)
2020-05-11 00:16:17,620 [main] INFO  [o.s.boot.web.embedded.tomcat.TomcatWebServer] TomcatWebServer.java:90 - Tomcat initialized with port(s): 8888 (http)
2020-05-11 00:16:17,640 [main] INFO  [org.apache.coyote.http11.Http11NioProtocol] DirectJDKLog.java:173 - Initializing ProtocolHandler ["http-nio-8888"]
2020-05-11 00:16:17,653 [main] INFO  [org.apache.catalina.core.StandardService] DirectJDKLog.java:173 - Starting service [Tomcat]
2020-05-11 00:16:17,653 [main] INFO  [org.apache.catalina.core.StandardEngine] DirectJDKLog.java:173 - Starting Servlet engine: [Apache Tomcat/9.0.22]
2020-05-11 00:16:17,938 [main] INFO  [o.a.c.core.ContainerBase.[Tomcat].[localhost].[/]] DirectJDKLog.java:173 - Initializing Spring embedded WebApplicationContext
2020-05-11 00:16:17,939 [main] INFO  [org.springframework.web.context.ContextLoader] ServletWebServerApplicationContext.java:284 - Root WebApplicationContext: initialization completed in 2249 ms
2020-05-11 00:16:18,073 [main] INFO  [c.a.d.s.b.a.DruidDataSourceAutoConfigure] DruidDataSourceAutoConfigure.java:56 - Init DruidDataSource
2020-05-11 00:16:18,250 [main] INFO  [com.alibaba.druid.pool.DruidDataSource] DruidDataSource.java:930 - {dataSource-1} inited
2020-05-11 00:16:18,716 [main] INFO  [o.s.scheduling.concurrent.ThreadPoolTaskExecutor] ExecutorConfigurationSupport.java:171 - Initializing ExecutorService 'applicationTaskExecutor'
2020-05-11 00:16:18,852 [main] WARN  [o.s.b.a.t.ThymeleafAutoConfiguration$DefaultTemplateResolverConfiguration] ThymeleafAutoConfiguration.java:106 - Cannot find template location: classpath:/templates/ (please add some templates or check your Thymeleaf configuration)
2020-05-11 00:16:19,439 [main] INFO  [o.s.scheduling.concurrent.ThreadPoolTaskScheduler] ExecutorConfigurationSupport.java:171 - Initializing ExecutorService 'taskScheduler'
2020-05-11 00:16:19,510 [main] INFO  [org.apache.coyote.http11.Http11NioProtocol] DirectJDKLog.java:173 - Starting ProtocolHandler ["http-nio-8888"]
2020-05-11 00:16:19,553 [main] INFO  [o.s.boot.web.embedded.tomcat.TomcatWebServer] TomcatWebServer.java:202 - Tomcat started on port(s): 8888 (http) with context path ''
2020-05-11 00:16:19,558 [main] INFO  [com.drgs.BusinessbootApplication] StartupInfoLogger.java:59 - Started BusinessbootApplication in 4.811 seconds (JVM running for 6.829)
2020-05-11 00:17:20,861 [http-nio-8888-exec-1] INFO  [o.a.c.core.ContainerBase.[Tomcat].[localhost].[/]] DirectJDKLog.java:173 - Initializing Spring DispatcherServlet 'dispatcherServlet'
2020-05-11 00:17:20,862 [http-nio-8888-exec-1] INFO  [org.springframework.web.servlet.DispatcherServlet] FrameworkServlet.java:524 - Initializing Servlet 'dispatcherServlet'
2020-05-11 00:17:20,874 [http-nio-8888-exec-1] INFO  [org.springframework.web.servlet.DispatcherServlet] FrameworkServlet.java:546 - Completed initialization in 11 ms
2020-05-11 00:40:40,161 [main] INFO  [com.drgs.BusinessbootApplication] StartupInfoLogger.java:50 - Starting BusinessbootApplication on LIWENXUAN with PID 6320 (C:\Users\liwenxuan\Desktop\businessboot\target\classes started by liwenxuan in C:\Users\liwenxuan\Desktop\businessboot)
2020-05-11 00:40:40,165 [main] INFO  [com.drgs.BusinessbootApplication] SpringApplication.java:651 - The following profiles are active: dev
2020-05-11 00:40:40,920 [main] WARN  [org.mybatis.spring.mapper.ClassPathMapperScanner] ClassPathMapperScanner.java:166 - No MyBatis mapper was found in '[com.drgs.dao]' package. Please check your configuration.
2020-05-11 00:40:41,159 [main] INFO  [o.s.d.r.config.RepositoryConfigurationDelegate] RepositoryConfigurationDelegate.java:244 - Multiple Spring Data modules found, entering strict repository configuration mode!
2020-05-11 00:40:41,163 [main] INFO  [o.s.d.r.config.RepositoryConfigurationDelegate] RepositoryConfigurationDelegate.java:126 - Bootstrapping Spring Data repositories in DEFAULT mode.
2020-05-11 00:40:41,211 [main] INFO  [o.s.d.r.config.RepositoryConfigurationDelegate] RepositoryConfigurationDelegate.java:182 - Finished Spring Data repository scanning in 32ms. Found 0 repository interfaces.
2020-05-11 00:40:41,651 [main] INFO  [o.s.c.s.PostProcessorRegistrationDelegate$BeanPostProcessorChecker] PostProcessorRegistrationDelegate.java:330 - Bean 'org.springframework.transaction.annotation.ProxyTransactionManagementConfiguration' of type [org.springframework.transaction.annotation.ProxyTransactionManagementConfiguration$$EnhancerBySpringCGLIB$$24573d8e] is not eligible for getting processed by all BeanPostProcessors (for example: not eligible for auto-proxying)
2020-05-11 00:40:42,010 [main] INFO  [o.s.boot.web.embedded.tomcat.TomcatWebServer] TomcatWebServer.java:90 - Tomcat initialized with port(s): 8888 (http)
2020-05-11 00:40:42,029 [main] INFO  [org.apache.coyote.http11.Http11NioProtocol] DirectJDKLog.java:173 - Initializing ProtocolHandler ["http-nio-8888"]
2020-05-11 00:40:42,040 [main] INFO  [org.apache.catalina.core.StandardService] DirectJDKLog.java:173 - Starting service [Tomcat]
2020-05-11 00:40:42,041 [main] INFO  [org.apache.catalina.core.StandardEngine] DirectJDKLog.java:173 - Starting Servlet engine: [Apache Tomcat/9.0.22]
2020-05-11 00:40:42,353 [main] INFO  [o.a.c.core.ContainerBase.[Tomcat].[localhost].[/]] DirectJDKLog.java:173 - Initializing Spring embedded WebApplicationContext
2020-05-11 00:40:42,355 [main] INFO  [org.springframework.web.context.ContextLoader] ServletWebServerApplicationContext.java:284 - Root WebApplicationContext: initialization completed in 2125 ms
2020-05-11 00:40:42,488 [main] INFO  [c.a.d.s.b.a.DruidDataSourceAutoConfigure] DruidDataSourceAutoConfigure.java:56 - Init DruidDataSource
2020-05-11 00:40:42,672 [main] INFO  [com.alibaba.druid.pool.DruidDataSource] DruidDataSource.java:930 - {dataSource-1} inited
2020-05-11 00:40:43,153 [main] INFO  [o.s.scheduling.concurrent.ThreadPoolTaskExecutor] ExecutorConfigurationSupport.java:171 - Initializing ExecutorService 'applicationTaskExecutor'
2020-05-11 00:40:43,294 [main] WARN  [o.s.b.a.t.ThymeleafAutoConfiguration$DefaultTemplateResolverConfiguration] ThymeleafAutoConfiguration.java:106 - Cannot find template location: classpath:/templates/ (please add some templates or check your Thymeleaf configuration)
2020-05-11 00:40:43,907 [main] INFO  [o.s.scheduling.concurrent.ThreadPoolTaskScheduler] ExecutorConfigurationSupport.java:171 - Initializing ExecutorService 'taskScheduler'
2020-05-11 00:40:43,976 [main] INFO  [org.apache.coyote.http11.Http11NioProtocol] DirectJDKLog.java:173 - Starting ProtocolHandler ["http-nio-8888"]
2020-05-11 00:40:44,019 [main] INFO  [o.s.boot.web.embedded.tomcat.TomcatWebServer] TomcatWebServer.java:202 - Tomcat started on port(s): 8888 (http) with context path ''
2020-05-11 00:40:44,023 [main] INFO  [com.drgs.BusinessbootApplication] StartupInfoLogger.java:59 - Started BusinessbootApplication in 4.796 seconds (JVM running for 6.808)
2020-05-11 00:41:41,338 [http-nio-8888-exec-1] INFO  [o.a.c.core.ContainerBase.[Tomcat].[localhost].[/]] DirectJDKLog.java:173 - Initializing Spring DispatcherServlet 'dispatcherServlet'
2020-05-11 00:41:41,339 [http-nio-8888-exec-1] INFO  [org.springframework.web.servlet.DispatcherServlet] FrameworkServlet.java:524 - Initializing Servlet 'dispatcherServlet'
2020-05-11 00:41:41,350 [http-nio-8888-exec-1] INFO  [org.springframework.web.servlet.DispatcherServlet] FrameworkServlet.java:546 - Completed initialization in 11 ms
2020-05-11 00:50:38,447 [main] INFO  [com.drgs.BusinessbootApplication] StartupInfoLogger.java:50 - Starting BusinessbootApplication on LIWENXUAN with PID 12056 (C:\Users\liwenxuan\Desktop\businessboot\target\classes started by liwenxuan in C:\Users\liwenxuan\Desktop\businessboot)
2020-05-11 00:50:38,450 [main] INFO  [com.drgs.BusinessbootApplication] SpringApplication.java:651 - The following profiles are active: dev
2020-05-11 00:50:39,166 [main] WARN  [org.mybatis.spring.mapper.ClassPathMapperScanner] ClassPathMapperScanner.java:166 - No MyBatis mapper was found in '[com.drgs.dao]' package. Please check your configuration.
2020-05-11 00:50:39,399 [main] INFO  [o.s.d.r.config.RepositoryConfigurationDelegate] RepositoryConfigurationDelegate.java:244 - Multiple Spring Data modules found, entering strict repository configuration mode!
2020-05-11 00:50:39,403 [main] INFO  [o.s.d.r.config.RepositoryConfigurationDelegate] RepositoryConfigurationDelegate.java:126 - Bootstrapping Spring Data repositories in DEFAULT mode.
2020-05-11 00:50:39,456 [main] INFO  [o.s.d.r.config.RepositoryConfigurationDelegate] RepositoryConfigurationDelegate.java:182 - Finished Spring Data repository scanning in 35ms. Found 0 repository interfaces.
2020-05-11 00:50:39,864 [main] INFO  [o.s.c.s.PostProcessorRegistrationDelegate$BeanPostProcessorChecker] PostProcessorRegistrationDelegate.java:330 - Bean 'org.springframework.transaction.annotation.ProxyTransactionManagementConfiguration' of type [org.springframework.transaction.annotation.ProxyTransactionManagementConfiguration$$EnhancerBySpringCGLIB$$eaaa77df] is not eligible for getting processed by all BeanPostProcessors (for example: not eligible for auto-proxying)
2020-05-11 00:50:40,200 [main] INFO  [o.s.boot.web.embedded.tomcat.TomcatWebServer] TomcatWebServer.java:90 - Tomcat initialized with port(s): 8888 (http)
2020-05-11 00:50:40,219 [main] INFO  [org.apache.coyote.http11.Http11NioProtocol] DirectJDKLog.java:173 - Initializing ProtocolHandler ["http-nio-8888"]
2020-05-11 00:50:40,231 [main] INFO  [org.apache.catalina.core.StandardService] DirectJDKLog.java:173 - Starting service [Tomcat]
2020-05-11 00:50:40,231 [main] INFO  [org.apache.catalina.core.StandardEngine] DirectJDKLog.java:173 - Starting Servlet engine: [Apache Tomcat/9.0.22]
2020-05-11 00:50:40,542 [main] INFO  [o.a.c.core.ContainerBase.[Tomcat].[localhost].[/]] DirectJDKLog.java:173 - Initializing Spring embedded WebApplicationContext
2020-05-11 00:50:40,543 [main] INFO  [org.springframework.web.context.ContextLoader] ServletWebServerApplicationContext.java:284 - Root WebApplicationContext: initialization completed in 2038 ms
2020-05-11 00:50:40,674 [main] INFO  [c.a.d.s.b.a.DruidDataSourceAutoConfigure] DruidDataSourceAutoConfigure.java:56 - Init DruidDataSource
2020-05-11 00:50:40,861 [main] INFO  [com.alibaba.druid.pool.DruidDataSource] DruidDataSource.java:930 - {dataSource-1} inited
2020-05-11 00:50:41,325 [main] INFO  [o.s.scheduling.concurrent.ThreadPoolTaskExecutor] ExecutorConfigurationSupport.java:171 - Initializing ExecutorService 'applicationTaskExecutor'
2020-05-11 00:50:41,458 [main] WARN  [o.s.b.a.t.ThymeleafAutoConfiguration$DefaultTemplateResolverConfiguration] ThymeleafAutoConfiguration.java:106 - Cannot find template location: classpath:/templates/ (please add some templates or check your Thymeleaf configuration)
2020-05-11 00:50:42,037 [main] INFO  [o.s.scheduling.concurrent.ThreadPoolTaskScheduler] ExecutorConfigurationSupport.java:171 - Initializing ExecutorService 'taskScheduler'
2020-05-11 00:50:42,101 [main] INFO  [org.apache.coyote.http11.Http11NioProtocol] DirectJDKLog.java:173 - Starting ProtocolHandler ["http-nio-8888"]
2020-05-11 00:50:42,139 [main] INFO  [o.s.boot.web.embedded.tomcat.TomcatWebServer] TomcatWebServer.java:202 - Tomcat started on port(s): 8888 (http) with context path ''
2020-05-11 00:50:42,142 [main] INFO  [com.drgs.BusinessbootApplication] StartupInfoLogger.java:59 - Started BusinessbootApplication in 4.573 seconds (JVM running for 6.551)
2020-05-11 00:51:10,301 [http-nio-8888-exec-1] INFO  [o.a.c.core.ContainerBase.[Tomcat].[localhost].[/]] DirectJDKLog.java:173 - Initializing Spring DispatcherServlet 'dispatcherServlet'
2020-05-11 00:51:10,302 [http-nio-8888-exec-1] INFO  [org.springframework.web.servlet.DispatcherServlet] FrameworkServlet.java:524 - Initializing Servlet 'dispatcherServlet'
2020-05-11 00:51:10,313 [http-nio-8888-exec-1] INFO  [org.springframework.web.servlet.DispatcherServlet] FrameworkServlet.java:546 - Completed initialization in 10 ms
2020-05-11 01:09:34,855 [main] INFO  [com.drgs.BusinessbootApplication] StartupInfoLogger.java:50 - Starting BusinessbootApplication on LIWENXUAN with PID 12412 (C:\Users\liwenxuan\Desktop\businessboot\target\classes started by liwenxuan in C:\Users\liwenxuan\Desktop\businessboot)
2020-05-11 01:09:34,860 [main] INFO  [com.drgs.BusinessbootApplication] SpringApplication.java:651 - The following profiles are active: dev
2020-05-11 01:09:35,660 [main] WARN  [org.mybatis.spring.mapper.ClassPathMapperScanner] ClassPathMapperScanner.java:166 - No MyBatis mapper was found in '[com.drgs.dao]' package. Please check your configuration.
2020-05-11 01:09:35,928 [main] INFO  [o.s.d.r.config.RepositoryConfigurationDelegate] RepositoryConfigurationDelegate.java:244 - Multiple Spring Data modules found, entering strict repository configuration mode!
2020-05-11 01:09:35,932 [main] INFO  [o.s.d.r.config.RepositoryConfigurationDelegate] RepositoryConfigurationDelegate.java:126 - Bootstrapping Spring Data repositories in DEFAULT mode.
2020-05-11 01:09:35,982 [main] INFO  [o.s.d.r.config.RepositoryConfigurationDelegate] RepositoryConfigurationDelegate.java:182 - Finished Spring Data repository scanning in 30ms. Found 0 repository interfaces.
2020-05-11 01:09:36,419 [main] INFO  [o.s.c.s.PostProcessorRegistrationDelegate$BeanPostProcessorChecker] PostProcessorRegistrationDelegate.java:330 - Bean 'org.springframework.transaction.annotation.ProxyTransactionManagementConfiguration' of type [org.springframework.transaction.annotation.ProxyTransactionManagementConfiguration$$EnhancerBySpringCGLIB$$d730b2ee] is not eligible for getting processed by all BeanPostProcessors (for example: not eligible for auto-proxying)
2020-05-11 01:09:36,762 [main] INFO  [o.s.boot.web.embedded.tomcat.TomcatWebServer] TomcatWebServer.java:90 - Tomcat initialized with port(s): 8888 (http)
2020-05-11 01:09:36,781 [main] INFO  [org.apache.coyote.http11.Http11NioProtocol] DirectJDKLog.java:173 - Initializing ProtocolHandler ["http-nio-8888"]
2020-05-11 01:09:36,794 [main] INFO  [org.apache.catalina.core.StandardService] DirectJDKLog.java:173 - Starting service [Tomcat]
2020-05-11 01:09:36,794 [main] INFO  [org.apache.catalina.core.StandardEngine] DirectJDKLog.java:173 - Starting Servlet engine: [Apache Tomcat/9.0.22]
2020-05-11 01:09:37,110 [main] INFO  [o.a.c.core.ContainerBase.[Tomcat].[localhost].[/]] DirectJDKLog.java:173 - Initializing Spring embedded WebApplicationContext
2020-05-11 01:09:37,111 [main] INFO  [org.springframework.web.context.ContextLoader] ServletWebServerApplicationContext.java:284 - Root WebApplicationContext: initialization completed in 2187 ms
2020-05-11 01:09:37,245 [main] INFO  [c.a.d.s.b.a.DruidDataSourceAutoConfigure] DruidDataSourceAutoConfigure.java:56 - Init DruidDataSource
2020-05-11 01:09:37,446 [main] INFO  [com.alibaba.druid.pool.DruidDataSource] DruidDataSource.java:930 - {dataSource-1} inited
2020-05-11 01:09:37,923 [main] INFO  [o.s.scheduling.concurrent.ThreadPoolTaskExecutor] ExecutorConfigurationSupport.java:171 - Initializing ExecutorService 'applicationTaskExecutor'
2020-05-11 01:09:38,059 [main] WARN  [o.s.b.a.t.ThymeleafAutoConfiguration$DefaultTemplateResolverConfiguration] ThymeleafAutoConfiguration.java:106 - Cannot find template location: classpath:/templates/ (please add some templates or check your Thymeleaf configuration)
2020-05-11 01:09:38,653 [main] INFO  [o.s.scheduling.concurrent.ThreadPoolTaskScheduler] ExecutorConfigurationSupport.java:171 - Initializing ExecutorService 'taskScheduler'
2020-05-11 01:09:38,722 [main] INFO  [org.apache.coyote.http11.Http11NioProtocol] DirectJDKLog.java:173 - Starting ProtocolHandler ["http-nio-8888"]
2020-05-11 01:09:38,765 [main] INFO  [o.s.boot.web.embedded.tomcat.TomcatWebServer] TomcatWebServer.java:202 - Tomcat started on port(s): 8888 (http) with context path ''
2020-05-11 01:09:38,768 [main] INFO  [com.drgs.BusinessbootApplication] StartupInfoLogger.java:59 - Started BusinessbootApplication in 4.828 seconds (JVM running for 6.9)
2020-05-11 01:10:05,562 [http-nio-8888-exec-1] INFO  [o.a.c.core.ContainerBase.[Tomcat].[localhost].[/]] DirectJDKLog.java:173 - Initializing Spring DispatcherServlet 'dispatcherServlet'
2020-05-11 01:10:05,564 [http-nio-8888-exec-1] INFO  [org.springframework.web.servlet.DispatcherServlet] FrameworkServlet.java:524 - Initializing Servlet 'dispatcherServlet'
2020-05-11 01:10:05,574 [http-nio-8888-exec-1] INFO  [org.springframework.web.servlet.DispatcherServlet] FrameworkServlet.java:546 - Completed initialization in 10 ms
2020-05-11 01:14:07,115 [main] INFO  [com.drgs.BusinessbootApplication] StartupInfoLogger.java:50 - Starting BusinessbootApplication on LIWENXUAN with PID 6332 (C:\Users\liwenxuan\Desktop\businessboot\target\classes started by liwenxuan in C:\Users\liwenxuan\Desktop\businessboot)
2020-05-11 01:14:07,119 [main] INFO  [com.drgs.BusinessbootApplication] SpringApplication.java:651 - The following profiles are active: dev
2020-05-11 01:14:07,935 [main] WARN  [org.mybatis.spring.mapper.ClassPathMapperScanner] ClassPathMapperScanner.java:166 - No MyBatis mapper was found in '[com.drgs.dao]' package. Please check your configuration.
2020-05-11 01:14:08,187 [main] INFO  [o.s.d.r.config.RepositoryConfigurationDelegate] RepositoryConfigurationDelegate.java:244 - Multiple Spring Data modules found, entering strict repository configuration mode!
2020-05-11 01:14:08,193 [main] INFO  [o.s.d.r.config.RepositoryConfigurationDelegate] RepositoryConfigurationDelegate.java:126 - Bootstrapping Spring Data repositories in DEFAULT mode.
2020-05-11 01:14:08,242 [main] INFO  [o.s.d.r.config.RepositoryConfigurationDelegate] RepositoryConfigurationDelegate.java:182 - Finished Spring Data repository scanning in 31ms. Found 0 repository interfaces.
2020-05-11 01:14:08,659 [main] INFO  [o.s.c.s.PostProcessorRegistrationDelegate$BeanPostProcessorChecker] PostProcessorRegistrationDelegate.java:330 - Bean 'org.springframework.transaction.annotation.ProxyTransactionManagementConfiguration' of type [org.springframework.transaction.annotation.ProxyTransactionManagementConfiguration$$EnhancerBySpringCGLIB$$def67c2a] is not eligible for getting processed by all BeanPostProcessors (for example: not eligible for auto-proxying)
2020-05-11 01:14:09,010 [main] INFO  [o.s.boot.web.embedded.tomcat.TomcatWebServer] TomcatWebServer.java:90 - Tomcat initialized with port(s): 8888 (http)
2020-05-11 01:14:09,032 [main] INFO  [org.apache.coyote.http11.Http11NioProtocol] DirectJDKLog.java:173 - Initializing ProtocolHandler ["http-nio-8888"]
2020-05-11 01:14:09,042 [main] INFO  [org.apache.catalina.core.StandardService] DirectJDKLog.java:173 - Starting service [Tomcat]
2020-05-11 01:14:09,043 [main] INFO  [org.apache.catalina.core.StandardEngine] DirectJDKLog.java:173 - Starting Servlet engine: [Apache Tomcat/9.0.22]
2020-05-11 01:14:09,353 [main] INFO  [o.a.c.core.ContainerBase.[Tomcat].[localhost].[/]] DirectJDKLog.java:173 - Initializing Spring embedded WebApplicationContext
2020-05-11 01:14:09,354 [main] INFO  [org.springframework.web.context.ContextLoader] ServletWebServerApplicationContext.java:284 - Root WebApplicationContext: initialization completed in 2171 ms
2020-05-11 01:14:09,491 [main] INFO  [c.a.d.s.b.a.DruidDataSourceAutoConfigure] DruidDataSourceAutoConfigure.java:56 - Init DruidDataSource
2020-05-11 01:14:09,694 [main] INFO  [com.alibaba.druid.pool.DruidDataSource] DruidDataSource.java:930 - {dataSource-1} inited
2020-05-11 01:14:10,220 [main] INFO  [o.s.scheduling.concurrent.ThreadPoolTaskExecutor] ExecutorConfigurationSupport.java:171 - Initializing ExecutorService 'applicationTaskExecutor'
2020-05-11 01:14:10,353 [main] WARN  [o.s.b.a.t.ThymeleafAutoConfiguration$DefaultTemplateResolverConfiguration] ThymeleafAutoConfiguration.java:106 - Cannot find template location: classpath:/templates/ (please add some templates or check your Thymeleaf configuration)
2020-05-11 01:14:10,946 [main] INFO  [o.s.scheduling.concurrent.ThreadPoolTaskScheduler] ExecutorConfigurationSupport.java:171 - Initializing ExecutorService 'taskScheduler'
2020-05-11 01:14:11,016 [main] INFO  [org.apache.coyote.http11.Http11NioProtocol] DirectJDKLog.java:173 - Starting ProtocolHandler ["http-nio-8888"]
2020-05-11 01:14:11,055 [main] INFO  [o.s.boot.web.embedded.tomcat.TomcatWebServer] TomcatWebServer.java:202 - Tomcat started on port(s): 8888 (http) with context path ''
2020-05-11 01:14:11,060 [main] INFO  [com.drgs.BusinessbootApplication] StartupInfoLogger.java:59 - Started BusinessbootApplication in 4.83 seconds (JVM running for 6.892)
2020-05-11 01:14:49,579 [http-nio-8888-exec-1] INFO  [o.a.c.core.ContainerBase.[Tomcat].[localhost].[/]] DirectJDKLog.java:173 - Initializing Spring DispatcherServlet 'dispatcherServlet'
2020-05-11 01:14:49,580 [http-nio-8888-exec-1] INFO  [org.springframework.web.servlet.DispatcherServlet] FrameworkServlet.java:524 - Initializing Servlet 'dispatcherServlet'
2020-05-11 01:14:49,590 [http-nio-8888-exec-1] INFO  [org.springframework.web.servlet.DispatcherServlet] FrameworkServlet.java:546 - Completed initialization in 9 ms
2020-05-11 01:16:49,957 [main] INFO  [com.drgs.BusinessbootApplication] StartupInfoLogger.java:50 - Starting BusinessbootApplication on LIWENXUAN with PID 14248 (C:\Users\liwenxuan\Desktop\businessboot\target\classes started by liwenxuan in C:\Users\liwenxuan\Desktop\businessboot)
2020-05-11 01:16:49,962 [main] INFO  [com.drgs.BusinessbootApplication] SpringApplication.java:651 - The following profiles are active: dev
2020-05-11 01:16:50,746 [main] WARN  [org.mybatis.spring.mapper.ClassPathMapperScanner] ClassPathMapperScanner.java:166 - No MyBatis mapper was found in '[com.drgs.dao]' package. Please check your configuration.
2020-05-11 01:16:50,989 [main] INFO  [o.s.d.r.config.RepositoryConfigurationDelegate] RepositoryConfigurationDelegate.java:244 - Multiple Spring Data modules found, entering strict repository configuration mode!
2020-05-11 01:16:50,994 [main] INFO  [o.s.d.r.config.RepositoryConfigurationDelegate] RepositoryConfigurationDelegate.java:126 - Bootstrapping Spring Data repositories in DEFAULT mode.
2020-05-11 01:16:51,051 [main] INFO  [o.s.d.r.config.RepositoryConfigurationDelegate] RepositoryConfigurationDelegate.java:182 - Finished Spring Data repository scanning in 33ms. Found 0 repository interfaces.
2020-05-11 01:16:51,519 [main] INFO  [o.s.c.s.PostProcessorRegistrationDelegate$BeanPostProcessorChecker] PostProcessorRegistrationDelegate.java:330 - Bean 'org.springframework.transaction.annotation.ProxyTransactionManagementConfiguration' of type [org.springframework.transaction.annotation.ProxyTransactionManagementConfiguration$$EnhancerBySpringCGLIB$$8ad9c5dd] is not eligible for getting processed by all BeanPostProcessors (for example: not eligible for auto-proxying)
2020-05-11 01:16:51,887 [main] INFO  [o.s.boot.web.embedded.tomcat.TomcatWebServer] TomcatWebServer.java:90 - Tomcat initialized with port(s): 8888 (http)
2020-05-11 01:16:51,909 [main] INFO  [org.apache.coyote.http11.Http11NioProtocol] DirectJDKLog.java:173 - Initializing ProtocolHandler ["http-nio-8888"]
2020-05-11 01:16:51,921 [main] INFO  [org.apache.catalina.core.StandardService] DirectJDKLog.java:173 - Starting service [Tomcat]
2020-05-11 01:16:51,922 [main] INFO  [org.apache.catalina.core.StandardEngine] DirectJDKLog.java:173 - Starting Servlet engine: [Apache Tomcat/9.0.22]
2020-05-11 01:16:52,223 [main] INFO  [o.a.c.core.ContainerBase.[Tomcat].[localhost].[/]] DirectJDKLog.java:173 - Initializing Spring embedded WebApplicationContext
2020-05-11 01:16:52,224 [main] INFO  [org.springframework.web.context.ContextLoader] ServletWebServerApplicationContext.java:284 - Root WebApplicationContext: initialization completed in 2193 ms
2020-05-11 01:16:52,367 [main] INFO  [c.a.d.s.b.a.DruidDataSourceAutoConfigure] DruidDataSourceAutoConfigure.java:56 - Init DruidDataSource
2020-05-11 01:16:52,548 [main] INFO  [com.alibaba.druid.pool.DruidDataSource] DruidDataSource.java:930 - {dataSource-1} inited
2020-05-11 01:16:53,026 [main] INFO  [o.s.scheduling.concurrent.ThreadPoolTaskExecutor] ExecutorConfigurationSupport.java:171 - Initializing ExecutorService 'applicationTaskExecutor'
2020-05-11 01:16:53,159 [main] WARN  [o.s.b.a.t.ThymeleafAutoConfiguration$DefaultTemplateResolverConfiguration] ThymeleafAutoConfiguration.java:106 - Cannot find template location: classpath:/templates/ (please add some templates or check your Thymeleaf configuration)
2020-05-11 01:16:53,747 [main] INFO  [o.s.scheduling.concurrent.ThreadPoolTaskScheduler] ExecutorConfigurationSupport.java:171 - Initializing ExecutorService 'taskScheduler'
2020-05-11 01:16:53,821 [main] INFO  [org.apache.coyote.http11.Http11NioProtocol] DirectJDKLog.java:173 - Starting ProtocolHandler ["http-nio-8888"]
2020-05-11 01:16:53,861 [main] INFO  [o.s.boot.web.embedded.tomcat.TomcatWebServer] TomcatWebServer.java:202 - Tomcat started on port(s): 8888 (http) with context path ''
2020-05-11 01:16:53,865 [main] INFO  [com.drgs.BusinessbootApplication] StartupInfoLogger.java:59 - Started BusinessbootApplication in 4.843 seconds (JVM running for 6.909)
2020-05-11 01:17:06,762 [http-nio-8888-exec-1] INFO  [o.a.c.core.ContainerBase.[Tomcat].[localhost].[/]] DirectJDKLog.java:173 - Initializing Spring DispatcherServlet 'dispatcherServlet'
2020-05-11 01:17:06,763 [http-nio-8888-exec-1] INFO  [org.springframework.web.servlet.DispatcherServlet] FrameworkServlet.java:524 - Initializing Servlet 'dispatcherServlet'
2020-05-11 01:17:06,774 [http-nio-8888-exec-1] INFO  [org.springframework.web.servlet.DispatcherServlet] FrameworkServlet.java:546 - Completed initialization in 10 ms
2020-05-11 01:56:44,669 [main] INFO  [com.drgs.BusinessbootApplication] StartupInfoLogger.java:50 - Starting BusinessbootApplication on LIWENXUAN with PID 14524 (C:\Users\liwenxuan\Desktop\businessboot\target\classes started by liwenxuan in C:\Users\liwenxuan\Desktop\businessboot)
2020-05-11 01:56:44,673 [main] INFO  [com.drgs.BusinessbootApplication] SpringApplication.java:651 - The following profiles are active: dev
2020-05-11 01:56:45,519 [main] WARN  [org.mybatis.spring.mapper.ClassPathMapperScanner] ClassPathMapperScanner.java:166 - No MyBatis mapper was found in '[com.drgs.dao]' package. Please check your configuration.
2020-05-11 01:56:45,747 [main] INFO  [o.s.d.r.config.RepositoryConfigurationDelegate] RepositoryConfigurationDelegate.java:244 - Multiple Spring Data modules found, entering strict repository configuration mode!
2020-05-11 01:56:45,750 [main] INFO  [o.s.d.r.config.RepositoryConfigurationDelegate] RepositoryConfigurationDelegate.java:126 - Bootstrapping Spring Data repositories in DEFAULT mode.
2020-05-11 01:56:45,798 [main] INFO  [o.s.d.r.config.RepositoryConfigurationDelegate] RepositoryConfigurationDelegate.java:182 - Finished Spring Data repository scanning in 30ms. Found 0 repository interfaces.
2020-05-11 01:56:46,228 [main] INFO  [o.s.c.s.PostProcessorRegistrationDelegate$BeanPostProcessorChecker] PostProcessorRegistrationDelegate.java:330 - Bean 'org.springframework.transaction.annotation.ProxyTransactionManagementConfiguration' of type [org.springframework.transaction.annotation.ProxyTransactionManagementConfiguration$$EnhancerBySpringCGLIB$$4d537143] is not eligible for getting processed by all BeanPostProcessors (for example: not eligible for auto-proxying)
2020-05-11 01:56:46,602 [main] INFO  [o.s.boot.web.embedded.tomcat.TomcatWebServer] TomcatWebServer.java:90 - Tomcat initialized with port(s): 8888 (http)
2020-05-11 01:56:46,619 [main] INFO  [org.apache.coyote.http11.Http11NioProtocol] DirectJDKLog.java:173 - Initializing ProtocolHandler ["http-nio-8888"]
2020-05-11 01:56:46,630 [main] INFO  [org.apache.catalina.core.StandardService] DirectJDKLog.java:173 - Starting service [Tomcat]
2020-05-11 01:56:46,631 [main] INFO  [org.apache.catalina.core.StandardEngine] DirectJDKLog.java:173 - Starting Servlet engine: [Apache Tomcat/9.0.22]
2020-05-11 01:56:46,959 [main] INFO  [o.a.c.core.ContainerBase.[Tomcat].[localhost].[/]] DirectJDKLog.java:173 - Initializing Spring embedded WebApplicationContext
2020-05-11 01:56:46,960 [main] INFO  [org.springframework.web.context.ContextLoader] ServletWebServerApplicationContext.java:284 - Root WebApplicationContext: initialization completed in 2212 ms
2020-05-11 01:56:47,096 [main] INFO  [c.a.d.s.b.a.DruidDataSourceAutoConfigure] DruidDataSourceAutoConfigure.java:56 - Init DruidDataSource
2020-05-11 01:56:47,284 [main] INFO  [com.alibaba.druid.pool.DruidDataSource] DruidDataSource.java:930 - {dataSource-1} inited
2020-05-11 01:56:47,785 [main] INFO  [o.s.scheduling.concurrent.ThreadPoolTaskExecutor] ExecutorConfigurationSupport.java:171 - Initializing ExecutorService 'applicationTaskExecutor'
2020-05-11 01:56:47,916 [main] WARN  [o.s.b.a.t.ThymeleafAutoConfiguration$DefaultTemplateResolverConfiguration] ThymeleafAutoConfiguration.java:106 - Cannot find template location: classpath:/templates/ (please add some templates or check your Thymeleaf configuration)
2020-05-11 01:56:48,518 [main] INFO  [o.s.scheduling.concurrent.ThreadPoolTaskScheduler] ExecutorConfigurationSupport.java:171 - Initializing ExecutorService 'taskScheduler'
2020-05-11 01:56:48,588 [main] INFO  [org.apache.coyote.http11.Http11NioProtocol] DirectJDKLog.java:173 - Starting ProtocolHandler ["http-nio-8888"]
2020-05-11 01:56:48,634 [main] INFO  [o.s.boot.web.embedded.tomcat.TomcatWebServer] TomcatWebServer.java:202 - Tomcat started on port(s): 8888 (http) with context path ''
2020-05-11 01:56:48,639 [main] INFO  [com.drgs.BusinessbootApplication] StartupInfoLogger.java:59 - Started BusinessbootApplication in 5.078 seconds (JVM running for 7.304)
2020-05-11 01:56:55,326 [http-nio-8888-exec-1] INFO  [o.a.c.core.ContainerBase.[Tomcat].[localhost].[/]] DirectJDKLog.java:173 - Initializing Spring DispatcherServlet 'dispatcherServlet'
2020-05-11 01:56:55,327 [http-nio-8888-exec-1] INFO  [org.springframework.web.servlet.DispatcherServlet] FrameworkServlet.java:524 - Initializing Servlet 'dispatcherServlet'
2020-05-11 01:56:55,338 [http-nio-8888-exec-1] INFO  [org.springframework.web.servlet.DispatcherServlet] FrameworkServlet.java:546 - Completed initialization in 10 ms
2020-05-11 01:59:43,443 [main] INFO  [com.drgs.BusinessbootApplication] StartupInfoLogger.java:50 - Starting BusinessbootApplication on LIWENXUAN with PID 2260 (C:\Users\liwenxuan\Desktop\businessboot\target\classes started by liwenxuan in C:\Users\liwenxuan\Desktop\businessboot)
2020-05-11 01:59:43,446 [main] INFO  [com.drgs.BusinessbootApplication] SpringApplication.java:651 - The following profiles are active: dev
2020-05-11 01:59:44,288 [main] WARN  [org.mybatis.spring.mapper.ClassPathMapperScanner] ClassPathMapperScanner.java:166 - No MyBatis mapper was found in '[com.drgs.dao]' package. Please check your configuration.
2020-05-11 01:59:44,566 [main] INFO  [o.s.d.r.config.RepositoryConfigurationDelegate] RepositoryConfigurationDelegate.java:244 - Multiple Spring Data modules found, entering strict repository configuration mode!
2020-05-11 01:59:44,570 [main] INFO  [o.s.d.r.config.RepositoryConfigurationDelegate] RepositoryConfigurationDelegate.java:126 - Bootstrapping Spring Data repositories in DEFAULT mode.
2020-05-11 01:59:44,622 [main] INFO  [o.s.d.r.config.RepositoryConfigurationDelegate] RepositoryConfigurationDelegate.java:182 - Finished Spring Data repository scanning in 31ms. Found 0 repository interfaces.
2020-05-11 01:59:45,069 [main] INFO  [o.s.c.s.PostProcessorRegistrationDelegate$BeanPostProcessorChecker] PostProcessorRegistrationDelegate.java:330 - Bean 'org.springframework.transaction.annotation.ProxyTransactionManagementConfiguration' of type [org.springframework.transaction.annotation.ProxyTransactionManagementConfiguration$$EnhancerBySpringCGLIB$$cc94182d] is not eligible for getting processed by all BeanPostProcessors (for example: not eligible for auto-proxying)
2020-05-11 01:59:45,435 [main] INFO  [o.s.boot.web.embedded.tomcat.TomcatWebServer] TomcatWebServer.java:90 - Tomcat initialized with port(s): 8888 (http)
2020-05-11 01:59:45,454 [main] INFO  [org.apache.coyote.http11.Http11NioProtocol] DirectJDKLog.java:173 - Initializing ProtocolHandler ["http-nio-8888"]
2020-05-11 01:59:45,464 [main] INFO  [org.apache.catalina.core.StandardService] DirectJDKLog.java:173 - Starting service [Tomcat]
2020-05-11 01:59:45,465 [main] INFO  [org.apache.catalina.core.StandardEngine] DirectJDKLog.java:173 - Starting Servlet engine: [Apache Tomcat/9.0.22]
2020-05-11 01:59:45,762 [main] INFO  [o.a.c.core.ContainerBase.[Tomcat].[localhost].[/]] DirectJDKLog.java:173 - Initializing Spring embedded WebApplicationContext
2020-05-11 01:59:45,763 [main] INFO  [org.springframework.web.context.ContextLoader] ServletWebServerApplicationContext.java:284 - Root WebApplicationContext: initialization completed in 2260 ms
2020-05-11 01:59:45,896 [main] INFO  [c.a.d.s.b.a.DruidDataSourceAutoConfigure] DruidDataSourceAutoConfigure.java:56 - Init DruidDataSource
2020-05-11 01:59:46,096 [main] INFO  [com.alibaba.druid.pool.DruidDataSource] DruidDataSource.java:930 - {dataSource-1} inited
2020-05-11 01:59:46,612 [main] INFO  [o.s.scheduling.concurrent.ThreadPoolTaskExecutor] ExecutorConfigurationSupport.java:171 - Initializing ExecutorService 'applicationTaskExecutor'
2020-05-11 01:59:46,750 [main] WARN  [o.s.b.a.t.ThymeleafAutoConfiguration$DefaultTemplateResolverConfiguration] ThymeleafAutoConfiguration.java:106 - Cannot find template location: classpath:/templates/ (please add some templates or check your Thymeleaf configuration)
2020-05-11 01:59:47,414 [main] INFO  [o.s.scheduling.concurrent.ThreadPoolTaskScheduler] ExecutorConfigurationSupport.java:171 - Initializing ExecutorService 'taskScheduler'
2020-05-11 01:59:47,485 [main] INFO  [org.apache.coyote.http11.Http11NioProtocol] DirectJDKLog.java:173 - Starting ProtocolHandler ["http-nio-8888"]
2020-05-11 01:59:47,527 [main] INFO  [o.s.boot.web.embedded.tomcat.TomcatWebServer] TomcatWebServer.java:202 - Tomcat started on port(s): 8888 (http) with context path ''
2020-05-11 01:59:47,532 [main] INFO  [com.drgs.BusinessbootApplication] StartupInfoLogger.java:59 - Started BusinessbootApplication in 5.042 seconds (JVM running for 7.118)
2020-05-11 02:00:34,859 [http-nio-8888-exec-1] INFO  [o.a.c.core.ContainerBase.[Tomcat].[localhost].[/]] DirectJDKLog.java:173 - Initializing Spring DispatcherServlet 'dispatcherServlet'
2020-05-11 02:00:34,859 [http-nio-8888-exec-1] INFO  [org.springframework.web.servlet.DispatcherServlet] FrameworkServlet.java:524 - Initializing Servlet 'dispatcherServlet'
2020-05-11 02:00:34,872 [http-nio-8888-exec-1] INFO  [org.springframework.web.servlet.DispatcherServlet] FrameworkServlet.java:546 - Completed initialization in 12 ms
2020-05-11 02:03:24,095 [main] INFO  [com.drgs.BusinessbootApplication] StartupInfoLogger.java:50 - Starting BusinessbootApplication on LIWENXUAN with PID 15092 (C:\Users\liwenxuan\Desktop\businessboot\target\classes started by liwenxuan in C:\Users\liwenxuan\Desktop\businessboot)
2020-05-11 02:03:24,098 [main] INFO  [com.drgs.BusinessbootApplication] SpringApplication.java:651 - The following profiles are active: dev
2020-05-11 02:03:24,867 [main] WARN  [org.mybatis.spring.mapper.ClassPathMapperScanner] ClassPathMapperScanner.java:166 - No MyBatis mapper was found in '[com.drgs.dao]' package. Please check your configuration.
2020-05-11 02:03:25,099 [main] INFO  [o.s.d.r.config.RepositoryConfigurationDelegate] RepositoryConfigurationDelegate.java:244 - Multiple Spring Data modules found, entering strict repository configuration mode!
2020-05-11 02:03:25,104 [main] INFO  [o.s.d.r.config.RepositoryConfigurationDelegate] RepositoryConfigurationDelegate.java:126 - Bootstrapping Spring Data repositories in DEFAULT mode.
2020-05-11 02:03:25,152 [main] INFO  [o.s.d.r.config.RepositoryConfigurationDelegate] RepositoryConfigurationDelegate.java:182 - Finished Spring Data repository scanning in 30ms. Found 0 repository interfaces.
2020-05-11 02:03:25,595 [main] INFO  [o.s.c.s.PostProcessorRegistrationDelegate$BeanPostProcessorChecker] PostProcessorRegistrationDelegate.java:330 - Bean 'org.springframework.transaction.annotation.ProxyTransactionManagementConfiguration' of type [org.springframework.transaction.annotation.ProxyTransactionManagementConfiguration$$EnhancerBySpringCGLIB$$d21dfbd5] is not eligible for getting processed by all BeanPostProcessors (for example: not eligible for auto-proxying)
2020-05-11 02:03:25,965 [main] INFO  [o.s.boot.web.embedded.tomcat.TomcatWebServer] TomcatWebServer.java:90 - Tomcat initialized with port(s): 8888 (http)
2020-05-11 02:03:25,983 [main] INFO  [org.apache.coyote.http11.Http11NioProtocol] DirectJDKLog.java:173 - Initializing ProtocolHandler ["http-nio-8888"]
2020-05-11 02:03:25,995 [main] INFO  [org.apache.catalina.core.StandardService] DirectJDKLog.java:173 - Starting service [Tomcat]
2020-05-11 02:03:25,995 [main] INFO  [org.apache.catalina.core.StandardEngine] DirectJDKLog.java:173 - Starting Servlet engine: [Apache Tomcat/9.0.22]
2020-05-11 02:03:26,315 [main] INFO  [o.a.c.core.ContainerBase.[Tomcat].[localhost].[/]] DirectJDKLog.java:173 - Initializing Spring embedded WebApplicationContext
2020-05-11 02:03:26,316 [main] INFO  [org.springframework.web.context.ContextLoader] ServletWebServerApplicationContext.java:284 - Root WebApplicationContext: initialization completed in 2150 ms
2020-05-11 02:03:26,458 [main] INFO  [c.a.d.s.b.a.DruidDataSourceAutoConfigure] DruidDataSourceAutoConfigure.java:56 - Init DruidDataSource
2020-05-11 02:03:26,634 [main] INFO  [com.alibaba.druid.pool.DruidDataSource] DruidDataSource.java:930 - {dataSource-1} inited
2020-05-11 02:03:27,123 [main] INFO  [o.s.scheduling.concurrent.ThreadPoolTaskExecutor] ExecutorConfigurationSupport.java:171 - Initializing ExecutorService 'applicationTaskExecutor'
2020-05-11 02:03:27,258 [main] WARN  [o.s.b.a.t.ThymeleafAutoConfiguration$DefaultTemplateResolverConfiguration] ThymeleafAutoConfiguration.java:106 - Cannot find template location: classpath:/templates/ (please add some templates or check your Thymeleaf configuration)
2020-05-11 02:03:27,863 [main] INFO  [o.s.scheduling.concurrent.ThreadPoolTaskScheduler] ExecutorConfigurationSupport.java:171 - Initializing ExecutorService 'taskScheduler'
2020-05-11 02:03:27,936 [main] INFO  [org.apache.coyote.http11.Http11NioProtocol] DirectJDKLog.java:173 - Starting ProtocolHandler ["http-nio-8888"]
2020-05-11 02:03:27,982 [main] INFO  [o.s.boot.web.embedded.tomcat.TomcatWebServer] TomcatWebServer.java:202 - Tomcat started on port(s): 8888 (http) with context path ''
2020-05-11 02:03:27,987 [main] INFO  [com.drgs.BusinessbootApplication] StartupInfoLogger.java:59 - Started BusinessbootApplication in 4.849 seconds (JVM running for 6.939)
2020-05-11 02:03:44,766 [http-nio-8888-exec-1] INFO  [o.a.c.core.ContainerBase.[Tomcat].[localhost].[/]] DirectJDKLog.java:173 - Initializing Spring DispatcherServlet 'dispatcherServlet'
2020-05-11 02:03:44,766 [http-nio-8888-exec-1] INFO  [org.springframework.web.servlet.DispatcherServlet] FrameworkServlet.java:524 - Initializing Servlet 'dispatcherServlet'
2020-05-11 02:03:44,776 [http-nio-8888-exec-1] INFO  [org.springframework.web.servlet.DispatcherServlet] FrameworkServlet.java:546 - Completed initialization in 9 ms
2020-05-11 02:05:19,614 [main] INFO  [com.drgs.BusinessbootApplication] StartupInfoLogger.java:50 - Starting BusinessbootApplication on LIWENXUAN with PID 2232 (C:\Users\liwenxuan\Desktop\businessboot\target\classes started by liwenxuan in C:\Users\liwenxuan\Desktop\businessboot)
2020-05-11 02:05:19,617 [main] INFO  [com.drgs.BusinessbootApplication] SpringApplication.java:651 - The following profiles are active: dev
2020-05-11 02:05:20,406 [main] WARN  [org.mybatis.spring.mapper.ClassPathMapperScanner] ClassPathMapperScanner.java:166 - No MyBatis mapper was found in '[com.drgs.dao]' package. Please check your configuration.
2020-05-11 02:05:20,656 [main] INFO  [o.s.d.r.config.RepositoryConfigurationDelegate] RepositoryConfigurationDelegate.java:244 - Multiple Spring Data modules found, entering strict repository configuration mode!
2020-05-11 02:05:20,660 [main] INFO  [o.s.d.r.config.RepositoryConfigurationDelegate] RepositoryConfigurationDelegate.java:126 - Bootstrapping Spring Data repositories in DEFAULT mode.
2020-05-11 02:05:20,709 [main] INFO  [o.s.d.r.config.RepositoryConfigurationDelegate] RepositoryConfigurationDelegate.java:182 - Finished Spring Data repository scanning in 30ms. Found 0 repository interfaces.
2020-05-11 02:05:21,157 [main] INFO  [o.s.c.s.PostProcessorRegistrationDelegate$BeanPostProcessorChecker] PostProcessorRegistrationDelegate.java:330 - Bean 'org.springframework.transaction.annotation.ProxyTransactionManagementConfiguration' of type [org.springframework.transaction.annotation.ProxyTransactionManagementConfiguration$$EnhancerBySpringCGLIB$$1d9747aa] is not eligible for getting processed by all BeanPostProcessors (for example: not eligible for auto-proxying)
2020-05-11 02:05:21,531 [main] INFO  [o.s.boot.web.embedded.tomcat.TomcatWebServer] TomcatWebServer.java:90 - Tomcat initialized with port(s): 8888 (http)
2020-05-11 02:05:21,550 [main] INFO  [org.apache.coyote.http11.Http11NioProtocol] DirectJDKLog.java:173 - Initializing ProtocolHandler ["http-nio-8888"]
2020-05-11 02:05:21,563 [main] INFO  [org.apache.catalina.core.StandardService] DirectJDKLog.java:173 - Starting service [Tomcat]
2020-05-11 02:05:21,563 [main] INFO  [org.apache.catalina.core.StandardEngine] DirectJDKLog.java:173 - Starting Servlet engine: [Apache Tomcat/9.0.22]
2020-05-11 02:05:21,860 [main] INFO  [o.a.c.core.ContainerBase.[Tomcat].[localhost].[/]] DirectJDKLog.java:173 - Initializing Spring embedded WebApplicationContext
2020-05-11 02:05:21,861 [main] INFO  [org.springframework.web.context.ContextLoader] ServletWebServerApplicationContext.java:284 - Root WebApplicationContext: initialization completed in 2172 ms
2020-05-11 02:05:21,997 [main] INFO  [c.a.d.s.b.a.DruidDataSourceAutoConfigure] DruidDataSourceAutoConfigure.java:56 - Init DruidDataSource
2020-05-11 02:05:22,202 [main] INFO  [com.alibaba.druid.pool.DruidDataSource] DruidDataSource.java:930 - {dataSource-1} inited
2020-05-11 02:05:22,688 [main] INFO  [o.s.scheduling.concurrent.ThreadPoolTaskExecutor] ExecutorConfigurationSupport.java:171 - Initializing ExecutorService 'applicationTaskExecutor'
2020-05-11 02:05:22,822 [main] WARN  [o.s.b.a.t.ThymeleafAutoConfiguration$DefaultTemplateResolverConfiguration] ThymeleafAutoConfiguration.java:106 - Cannot find template location: classpath:/templates/ (please add some templates or check your Thymeleaf configuration)
2020-05-11 02:05:23,432 [main] INFO  [o.s.scheduling.concurrent.ThreadPoolTaskScheduler] ExecutorConfigurationSupport.java:171 - Initializing ExecutorService 'taskScheduler'
2020-05-11 02:05:23,509 [main] INFO  [org.apache.coyote.http11.Http11NioProtocol] DirectJDKLog.java:173 - Starting ProtocolHandler ["http-nio-8888"]
2020-05-11 02:05:23,548 [main] INFO  [o.s.boot.web.embedded.tomcat.TomcatWebServer] TomcatWebServer.java:202 - Tomcat started on port(s): 8888 (http) with context path ''
2020-05-11 02:05:23,552 [main] INFO  [com.drgs.BusinessbootApplication] StartupInfoLogger.java:59 - Started BusinessbootApplication in 4.851 seconds (JVM running for 6.964)
2020-05-11 02:06:10,724 [http-nio-8888-exec-1] INFO  [o.a.c.core.ContainerBase.[Tomcat].[localhost].[/]] DirectJDKLog.java:173 - Initializing Spring DispatcherServlet 'dispatcherServlet'
2020-05-11 02:06:10,725 [http-nio-8888-exec-1] INFO  [org.springframework.web.servlet.DispatcherServlet] FrameworkServlet.java:524 - Initializing Servlet 'dispatcherServlet'
2020-05-11 02:06:10,737 [http-nio-8888-exec-1] INFO  [org.springframework.web.servlet.DispatcherServlet] FrameworkServlet.java:546 - Completed initialization in 11 ms
2020-05-11 02:09:59,383 [main] INFO  [com.drgs.BusinessbootApplication] StartupInfoLogger.java:50 - Starting BusinessbootApplication on LIWENXUAN with PID 7760 (C:\Users\liwenxuan\Desktop\businessboot\target\classes started by liwenxuan in C:\Users\liwenxuan\Desktop\businessboot)
2020-05-11 02:09:59,388 [main] INFO  [com.drgs.BusinessbootApplication] SpringApplication.java:651 - The following profiles are active: dev
2020-05-11 02:10:00,153 [main] WARN  [org.mybatis.spring.mapper.ClassPathMapperScanner] ClassPathMapperScanner.java:166 - No MyBatis mapper was found in '[com.drgs.dao]' package. Please check your configuration.
2020-05-11 02:10:00,403 [main] INFO  [o.s.d.r.config.RepositoryConfigurationDelegate] RepositoryConfigurationDelegate.java:244 - Multiple Spring Data modules found, entering strict repository configuration mode!
2020-05-11 02:10:00,406 [main] INFO  [o.s.d.r.config.RepositoryConfigurationDelegate] RepositoryConfigurationDelegate.java:126 - Bootstrapping Spring Data repositories in DEFAULT mode.
2020-05-11 02:10:00,458 [main] INFO  [o.s.d.r.config.RepositoryConfigurationDelegate] RepositoryConfigurationDelegate.java:182 - Finished Spring Data repository scanning in 34ms. Found 0 repository interfaces.
2020-05-11 02:10:01,001 [main] INFO  [o.s.c.s.PostProcessorRegistrationDelegate$BeanPostProcessorChecker] PostProcessorRegistrationDelegate.java:330 - Bean 'org.springframework.transaction.annotation.ProxyTransactionManagementConfiguration' of type [org.springframework.transaction.annotation.ProxyTransactionManagementConfiguration$$EnhancerBySpringCGLIB$$f52828f5] is not eligible for getting processed by all BeanPostProcessors (for example: not eligible for auto-proxying)
2020-05-11 02:10:01,487 [main] INFO  [o.s.boot.web.embedded.tomcat.TomcatWebServer] TomcatWebServer.java:90 - Tomcat initialized with port(s): 8888 (http)
2020-05-11 02:10:01,529 [main] INFO  [org.apache.coyote.http11.Http11NioProtocol] DirectJDKLog.java:173 - Initializing ProtocolHandler ["http-nio-8888"]
2020-05-11 02:10:01,568 [main] INFO  [org.apache.catalina.core.StandardService] DirectJDKLog.java:173 - Starting service [Tomcat]
2020-05-11 02:10:01,569 [main] INFO  [org.apache.catalina.core.StandardEngine] DirectJDKLog.java:173 - Starting Servlet engine: [Apache Tomcat/9.0.22]
2020-05-11 02:10:02,068 [main] INFO  [o.a.c.core.ContainerBase.[Tomcat].[localhost].[/]] DirectJDKLog.java:173 - Initializing Spring embedded WebApplicationContext
2020-05-11 02:10:02,069 [main] INFO  [org.springframework.web.context.ContextLoader] ServletWebServerApplicationContext.java:284 - Root WebApplicationContext: initialization completed in 2618 ms
2020-05-11 02:10:02,219 [main] INFO  [c.a.d.s.b.a.DruidDataSourceAutoConfigure] DruidDataSourceAutoConfigure.java:56 - Init DruidDataSource
2020-05-11 02:10:02,444 [main] INFO  [com.alibaba.druid.pool.DruidDataSource] DruidDataSource.java:930 - {dataSource-1} inited
2020-05-11 02:10:03,047 [main] INFO  [o.s.scheduling.concurrent.ThreadPoolTaskExecutor] ExecutorConfigurationSupport.java:171 - Initializing ExecutorService 'applicationTaskExecutor'
2020-05-11 02:10:03,208 [main] WARN  [o.s.b.a.t.ThymeleafAutoConfiguration$DefaultTemplateResolverConfiguration] ThymeleafAutoConfiguration.java:106 - Cannot find template location: classpath:/templates/ (please add some templates or check your Thymeleaf configuration)
2020-05-11 02:10:03,824 [main] INFO  [o.s.scheduling.concurrent.ThreadPoolTaskScheduler] ExecutorConfigurationSupport.java:171 - Initializing ExecutorService 'taskScheduler'
2020-05-11 02:10:03,894 [main] INFO  [org.apache.coyote.http11.Http11NioProtocol] DirectJDKLog.java:173 - Starting ProtocolHandler ["http-nio-8888"]
2020-05-11 02:10:03,937 [main] INFO  [o.s.boot.web.embedded.tomcat.TomcatWebServer] TomcatWebServer.java:202 - Tomcat started on port(s): 8888 (http) with context path ''
2020-05-11 02:10:03,941 [main] INFO  [com.drgs.BusinessbootApplication] StartupInfoLogger.java:59 - Started BusinessbootApplication in 5.534 seconds (JVM running for 7.749)
2020-05-11 02:10:06,610 [http-nio-8888-exec-1] INFO  [o.a.c.core.ContainerBase.[Tomcat].[localhost].[/]] DirectJDKLog.java:173 - Initializing Spring DispatcherServlet 'dispatcherServlet'
2020-05-11 02:10:06,611 [http-nio-8888-exec-1] INFO  [org.springframework.web.servlet.DispatcherServlet] FrameworkServlet.java:524 - Initializing Servlet 'dispatcherServlet'
2020-05-11 02:10:06,623 [http-nio-8888-exec-1] INFO  [org.springframework.web.servlet.DispatcherServlet] FrameworkServlet.java:546 - Completed initialization in 12 ms
2020-05-11 02:11:41,349 [main] INFO  [com.drgs.BusinessbootApplication] StartupInfoLogger.java:50 - Starting BusinessbootApplication on LIWENXUAN with PID 12640 (C:\Users\liwenxuan\Desktop\businessboot\target\classes started by liwenxuan in C:\Users\liwenxuan\Desktop\businessboot)
2020-05-11 02:11:41,352 [main] INFO  [com.drgs.BusinessbootApplication] SpringApplication.java:651 - The following profiles are active: dev
2020-05-11 02:11:42,335 [main] WARN  [org.mybatis.spring.mapper.ClassPathMapperScanner] ClassPathMapperScanner.java:166 - No MyBatis mapper was found in '[com.drgs.dao]' package. Please check your configuration.
2020-05-11 02:11:42,588 [main] INFO  [o.s.d.r.config.RepositoryConfigurationDelegate] RepositoryConfigurationDelegate.java:244 - Multiple Spring Data modules found, entering strict repository configuration mode!
2020-05-11 02:11:42,593 [main] INFO  [o.s.d.r.config.RepositoryConfigurationDelegate] RepositoryConfigurationDelegate.java:126 - Bootstrapping Spring Data repositories in DEFAULT mode.
2020-05-11 02:11:42,642 [main] INFO  [o.s.d.r.config.RepositoryConfigurationDelegate] RepositoryConfigurationDelegate.java:182 - Finished Spring Data repository scanning in 33ms. Found 0 repository interfaces.
2020-05-11 02:11:43,146 [main] INFO  [o.s.c.s.PostProcessorRegistrationDelegate$BeanPostProcessorChecker] PostProcessorRegistrationDelegate.java:330 - Bean 'org.springframework.transaction.annotation.ProxyTransactionManagementConfiguration' of type [org.springframework.transaction.annotation.ProxyTransactionManagementConfiguration$$EnhancerBySpringCGLIB$$3fc5dd4e] is not eligible for getting processed by all BeanPostProcessors (for example: not eligible for auto-proxying)
2020-05-11 02:11:43,543 [main] INFO  [o.s.boot.web.embedded.tomcat.TomcatWebServer] TomcatWebServer.java:90 - Tomcat initialized with port(s): 8888 (http)
2020-05-11 02:11:43,566 [main] INFO  [org.apache.coyote.http11.Http11NioProtocol] DirectJDKLog.java:173 - Initializing ProtocolHandler ["http-nio-8888"]
2020-05-11 02:11:43,578 [main] INFO  [org.apache.catalina.core.StandardService] DirectJDKLog.java:173 - Starting service [Tomcat]
2020-05-11 02:11:43,578 [main] INFO  [org.apache.catalina.core.StandardEngine] DirectJDKLog.java:173 - Starting Servlet engine: [Apache Tomcat/9.0.22]
2020-05-11 02:11:43,892 [main] INFO  [o.a.c.core.ContainerBase.[Tomcat].[localhost].[/]] DirectJDKLog.java:173 - Initializing Spring embedded WebApplicationContext
2020-05-11 02:11:43,894 [main] INFO  [org.springframework.web.context.ContextLoader] ServletWebServerApplicationContext.java:284 - Root WebApplicationContext: initialization completed in 2473 ms
2020-05-11 02:11:44,028 [main] INFO  [c.a.d.s.b.a.DruidDataSourceAutoConfigure] DruidDataSourceAutoConfigure.java:56 - Init DruidDataSource
2020-05-11 02:11:44,227 [main] INFO  [com.alibaba.druid.pool.DruidDataSource] DruidDataSource.java:930 - {dataSource-1} inited
2020-05-11 02:11:44,720 [main] INFO  [o.s.scheduling.concurrent.ThreadPoolTaskExecutor] ExecutorConfigurationSupport.java:171 - Initializing ExecutorService 'applicationTaskExecutor'
2020-05-11 02:11:44,855 [main] WARN  [o.s.b.a.t.ThymeleafAutoConfiguration$DefaultTemplateResolverConfiguration] ThymeleafAutoConfiguration.java:106 - Cannot find template location: classpath:/templates/ (please add some templates or check your Thymeleaf configuration)
2020-05-11 02:11:45,468 [main] INFO  [o.s.scheduling.concurrent.ThreadPoolTaskScheduler] ExecutorConfigurationSupport.java:171 - Initializing ExecutorService 'taskScheduler'
2020-05-11 02:11:45,538 [main] INFO  [org.apache.coyote.http11.Http11NioProtocol] DirectJDKLog.java:173 - Starting ProtocolHandler ["http-nio-8888"]
2020-05-11 02:11:45,580 [main] INFO  [o.s.boot.web.embedded.tomcat.TomcatWebServer] TomcatWebServer.java:202 - Tomcat started on port(s): 8888 (http) with context path ''
2020-05-11 02:11:45,585 [main] INFO  [com.drgs.BusinessbootApplication] StartupInfoLogger.java:59 - Started BusinessbootApplication in 5.226 seconds (JVM running for 7.364)
2020-05-11 02:11:58,068 [http-nio-8888-exec-1] INFO  [o.a.c.core.ContainerBase.[Tomcat].[localhost].[/]] DirectJDKLog.java:173 - Initializing Spring DispatcherServlet 'dispatcherServlet'
2020-05-11 02:11:58,069 [http-nio-8888-exec-1] INFO  [org.springframework.web.servlet.DispatcherServlet] FrameworkServlet.java:524 - Initializing Servlet 'dispatcherServlet'
2020-05-11 02:11:58,080 [http-nio-8888-exec-1] INFO  [org.springframework.web.servlet.DispatcherServlet] FrameworkServlet.java:546 - Completed initialization in 11 ms
2020-05-11 02:24:38,852 [main] INFO  [com.drgs.BusinessbootApplication] StartupInfoLogger.java:50 - Starting BusinessbootApplication on LIWENXUAN with PID 8860 (C:\Users\liwenxuan\Desktop\businessboot\target\classes started by liwenxuan in C:\Users\liwenxuan\Desktop\businessboot)
2020-05-11 02:24:38,866 [main] INFO  [com.drgs.BusinessbootApplication] SpringApplication.java:651 - The following profiles are active: dev
2020-05-11 02:24:39,876 [main] WARN  [org.mybatis.spring.mapper.ClassPathMapperScanner] ClassPathMapperScanner.java:166 - No MyBatis mapper was found in '[com.drgs.dao]' package. Please check your configuration.
2020-05-11 02:24:40,164 [main] INFO  [o.s.d.r.config.RepositoryConfigurationDelegate] RepositoryConfigurationDelegate.java:244 - Multiple Spring Data modules found, entering strict repository configuration mode!
2020-05-11 02:24:40,167 [main] INFO  [o.s.d.r.config.RepositoryConfigurationDelegate] RepositoryConfigurationDelegate.java:126 - Bootstrapping Spring Data repositories in DEFAULT mode.
2020-05-11 02:24:40,228 [main] INFO  [o.s.d.r.config.RepositoryConfigurationDelegate] RepositoryConfigurationDelegate.java:182 - Finished Spring Data repository scanning in 37ms. Found 0 repository interfaces.
2020-05-11 02:24:40,737 [main] INFO  [o.s.c.s.PostProcessorRegistrationDelegate$BeanPostProcessorChecker] PostProcessorRegistrationDelegate.java:330 - Bean 'org.springframework.transaction.annotation.ProxyTransactionManagementConfiguration' of type [org.springframework.transaction.annotation.ProxyTransactionManagementConfiguration$$EnhancerBySpringCGLIB$$5e32af14] is not eligible for getting processed by all BeanPostProcessors (for example: not eligible for auto-proxying)
2020-05-11 02:24:41,144 [main] INFO  [o.s.boot.web.embedded.tomcat.TomcatWebServer] TomcatWebServer.java:90 - Tomcat initialized with port(s): 8888 (http)
2020-05-11 02:24:41,163 [main] INFO  [org.apache.coyote.http11.Http11NioProtocol] DirectJDKLog.java:173 - Initializing ProtocolHandler ["http-nio-8888"]
2020-05-11 02:24:41,175 [main] INFO  [org.apache.catalina.core.StandardService] DirectJDKLog.java:173 - Starting service [Tomcat]
2020-05-11 02:24:41,176 [main] INFO  [org.apache.catalina.core.StandardEngine] DirectJDKLog.java:173 - Starting Servlet engine: [Apache Tomcat/9.0.22]
2020-05-11 02:24:41,427 [main] INFO  [o.a.c.core.ContainerBase.[Tomcat].[localhost].[/]] DirectJDKLog.java:173 - Initializing Spring embedded WebApplicationContext
2020-05-11 02:24:41,428 [main] INFO  [org.springframework.web.context.ContextLoader] ServletWebServerApplicationContext.java:284 - Root WebApplicationContext: initialization completed in 2489 ms
2020-05-11 02:24:41,613 [main] INFO  [c.a.d.s.b.a.DruidDataSourceAutoConfigure] DruidDataSourceAutoConfigure.java:56 - Init DruidDataSource
2020-05-11 02:24:41,781 [main] INFO  [com.alibaba.druid.pool.DruidDataSource] DruidDataSource.java:930 - {dataSource-1} inited
2020-05-11 02:24:42,230 [main] INFO  [o.s.scheduling.concurrent.ThreadPoolTaskExecutor] ExecutorConfigurationSupport.java:171 - Initializing ExecutorService 'applicationTaskExecutor'
2020-05-11 02:24:42,361 [main] WARN  [o.s.b.a.t.ThymeleafAutoConfiguration$DefaultTemplateResolverConfiguration] ThymeleafAutoConfiguration.java:106 - Cannot find template location: classpath:/templates/ (please add some templates or check your Thymeleaf configuration)
2020-05-11 02:24:42,908 [main] INFO  [o.s.scheduling.concurrent.ThreadPoolTaskScheduler] ExecutorConfigurationSupport.java:171 - Initializing ExecutorService 'taskScheduler'
2020-05-11 02:24:42,987 [main] INFO  [org.apache.coyote.http11.Http11NioProtocol] DirectJDKLog.java:173 - Starting ProtocolHandler ["http-nio-8888"]
2020-05-11 02:24:43,030 [main] INFO  [o.s.boot.web.embedded.tomcat.TomcatWebServer] TomcatWebServer.java:202 - Tomcat started on port(s): 8888 (http) with context path ''
2020-05-11 02:24:43,034 [main] INFO  [com.drgs.BusinessbootApplication] StartupInfoLogger.java:59 - Started BusinessbootApplication in 5.337 seconds (JVM running for 7.31)
2020-05-11 02:24:51,546 [http-nio-8888-exec-1] INFO  [o.a.c.core.ContainerBase.[Tomcat].[localhost].[/]] DirectJDKLog.java:173 - Initializing Spring DispatcherServlet 'dispatcherServlet'
2020-05-11 02:24:51,547 [http-nio-8888-exec-1] INFO  [org.springframework.web.servlet.DispatcherServlet] FrameworkServlet.java:524 - Initializing Servlet 'dispatcherServlet'
2020-05-11 02:24:51,556 [http-nio-8888-exec-1] INFO  [org.springframework.web.servlet.DispatcherServlet] FrameworkServlet.java:546 - Completed initialization in 8 ms
2020-05-11 02:27:10,501 [main] INFO  [com.drgs.BusinessbootApplication] StartupInfoLogger.java:50 - Starting BusinessbootApplication on LIWENXUAN with PID 1960 (C:\Users\liwenxuan\Desktop\businessboot\target\classes started by liwenxuan in C:\Users\liwenxuan\Desktop\businessboot)
2020-05-11 02:27:10,505 [main] INFO  [com.drgs.BusinessbootApplication] SpringApplication.java:651 - The following profiles are active: dev
2020-05-11 02:27:11,293 [main] WARN  [org.mybatis.spring.mapper.ClassPathMapperScanner] ClassPathMapperScanner.java:166 - No MyBatis mapper was found in '[com.drgs.dao]' package. Please check your configuration.
2020-05-11 02:27:11,552 [main] INFO  [o.s.d.r.config.RepositoryConfigurationDelegate] RepositoryConfigurationDelegate.java:244 - Multiple Spring Data modules found, entering strict repository configuration mode!
2020-05-11 02:27:11,556 [main] INFO  [o.s.d.r.config.RepositoryConfigurationDelegate] RepositoryConfigurationDelegate.java:126 - Bootstrapping Spring Data repositories in DEFAULT mode.
2020-05-11 02:27:11,613 [main] INFO  [o.s.d.r.config.RepositoryConfigurationDelegate] RepositoryConfigurationDelegate.java:182 - Finished Spring Data repository scanning in 33ms. Found 0 repository interfaces.
2020-05-11 02:27:12,063 [main] INFO  [o.s.c.s.PostProcessorRegistrationDelegate$BeanPostProcessorChecker] PostProcessorRegistrationDelegate.java:330 - Bean 'org.springframework.transaction.annotation.ProxyTransactionManagementConfiguration' of type [org.springframework.transaction.annotation.ProxyTransactionManagementConfiguration$$EnhancerBySpringCGLIB$$948e5831] is not eligible for getting processed by all BeanPostProcessors (for example: not eligible for auto-proxying)
2020-05-11 02:27:12,436 [main] INFO  [o.s.boot.web.embedded.tomcat.TomcatWebServer] TomcatWebServer.java:90 - Tomcat initialized with port(s): 8888 (http)
2020-05-11 02:27:12,453 [main] INFO  [org.apache.coyote.http11.Http11NioProtocol] DirectJDKLog.java:173 - Initializing ProtocolHandler ["http-nio-8888"]
2020-05-11 02:27:12,467 [main] INFO  [org.apache.catalina.core.StandardService] DirectJDKLog.java:173 - Starting service [Tomcat]
2020-05-11 02:27:12,467 [main] INFO  [org.apache.catalina.core.StandardEngine] DirectJDKLog.java:173 - Starting Servlet engine: [Apache Tomcat/9.0.22]
2020-05-11 02:27:12,775 [main] INFO  [o.a.c.core.ContainerBase.[Tomcat].[localhost].[/]] DirectJDKLog.java:173 - Initializing Spring embedded WebApplicationContext
2020-05-11 02:27:12,776 [main] INFO  [org.springframework.web.context.ContextLoader] ServletWebServerApplicationContext.java:284 - Root WebApplicationContext: initialization completed in 2210 ms
2020-05-11 02:27:12,910 [main] INFO  [c.a.d.s.b.a.DruidDataSourceAutoConfigure] DruidDataSourceAutoConfigure.java:56 - Init DruidDataSource
2020-05-11 02:27:13,099 [main] INFO  [com.alibaba.druid.pool.DruidDataSource] DruidDataSource.java:930 - {dataSource-1} inited
2020-05-11 02:27:13,584 [main] INFO  [o.s.scheduling.concurrent.ThreadPoolTaskExecutor] ExecutorConfigurationSupport.java:171 - Initializing ExecutorService 'applicationTaskExecutor'
2020-05-11 02:27:13,719 [main] WARN  [o.s.b.a.t.ThymeleafAutoConfiguration$DefaultTemplateResolverConfiguration] ThymeleafAutoConfiguration.java:106 - Cannot find template location: classpath:/templates/ (please add some templates or check your Thymeleaf configuration)
2020-05-11 02:27:14,389 [main] INFO  [o.s.scheduling.concurrent.ThreadPoolTaskScheduler] ExecutorConfigurationSupport.java:171 - Initializing ExecutorService 'taskScheduler'
2020-05-11 02:27:14,466 [main] INFO  [org.apache.coyote.http11.Http11NioProtocol] DirectJDKLog.java:173 - Starting ProtocolHandler ["http-nio-8888"]
2020-05-11 02:27:14,514 [main] INFO  [o.s.boot.web.embedded.tomcat.TomcatWebServer] TomcatWebServer.java:202 - Tomcat started on port(s): 8888 (http) with context path ''
2020-05-11 02:27:14,518 [main] INFO  [com.drgs.BusinessbootApplication] StartupInfoLogger.java:59 - Started BusinessbootApplication in 4.923 seconds (JVM running for 7.038)
2020-05-11 02:28:15,757 [http-nio-8888-exec-1] INFO  [o.a.c.core.ContainerBase.[Tomcat].[localhost].[/]] DirectJDKLog.java:173 - Initializing Spring DispatcherServlet 'dispatcherServlet'
2020-05-11 02:28:15,758 [http-nio-8888-exec-1] INFO  [org.springframework.web.servlet.DispatcherServlet] FrameworkServlet.java:524 - Initializing Servlet 'dispatcherServlet'
2020-05-11 02:28:15,771 [http-nio-8888-exec-1] INFO  [org.springframework.web.servlet.DispatcherServlet] FrameworkServlet.java:546 - Completed initialization in 12 ms
2020-05-11 02:29:46,780 [main] INFO  [com.drgs.BusinessbootApplication] StartupInfoLogger.java:50 - Starting BusinessbootApplication on LIWENXUAN with PID 10592 (C:\Users\liwenxuan\Desktop\businessboot\target\classes started by liwenxuan in C:\Users\liwenxuan\Desktop\businessboot)
2020-05-11 02:29:46,784 [main] INFO  [com.drgs.BusinessbootApplication] SpringApplication.java:651 - The following profiles are active: dev
2020-05-11 02:29:47,975 [main] WARN  [org.mybatis.spring.mapper.ClassPathMapperScanner] ClassPathMapperScanner.java:166 - No MyBatis mapper was found in '[com.drgs.dao]' package. Please check your configuration.
2020-05-11 02:29:48,637 [main] INFO  [o.s.d.r.config.RepositoryConfigurationDelegate] RepositoryConfigurationDelegate.java:244 - Multiple Spring Data modules found, entering strict repository configuration mode!
2020-05-11 02:29:48,641 [main] INFO  [o.s.d.r.config.RepositoryConfigurationDelegate] RepositoryConfigurationDelegate.java:126 - Bootstrapping Spring Data repositories in DEFAULT mode.
2020-05-11 02:29:48,692 [main] INFO  [o.s.d.r.config.RepositoryConfigurationDelegate] RepositoryConfigurationDelegate.java:182 - Finished Spring Data repository scanning in 31ms. Found 0 repository interfaces.
2020-05-11 02:29:49,143 [main] INFO  [o.s.c.s.PostProcessorRegistrationDelegate$BeanPostProcessorChecker] PostProcessorRegistrationDelegate.java:330 - Bean 'org.springframework.transaction.annotation.ProxyTransactionManagementConfiguration' of type [org.springframework.transaction.annotation.ProxyTransactionManagementConfiguration$$EnhancerBySpringCGLIB$$4b92fae8] is not eligible for getting processed by all BeanPostProcessors (for example: not eligible for auto-proxying)
2020-05-11 02:29:49,719 [main] INFO  [o.s.boot.web.embedded.tomcat.TomcatWebServer] TomcatWebServer.java:90 - Tomcat initialized with port(s): 8888 (http)
2020-05-11 02:29:49,748 [main] INFO  [org.apache.coyote.http11.Http11NioProtocol] DirectJDKLog.java:173 - Initializing ProtocolHandler ["http-nio-8888"]
2020-05-11 02:29:49,761 [main] INFO  [org.apache.catalina.core.StandardService] DirectJDKLog.java:173 - Starting service [Tomcat]
2020-05-11 02:29:49,761 [main] INFO  [org.apache.catalina.core.StandardEngine] DirectJDKLog.java:173 - Starting Servlet engine: [Apache Tomcat/9.0.22]
2020-05-11 02:29:50,368 [main] INFO  [o.a.c.core.ContainerBase.[Tomcat].[localhost].[/]] DirectJDKLog.java:173 - Initializing Spring embedded WebApplicationContext
2020-05-11 02:29:50,372 [main] INFO  [org.springframework.web.context.ContextLoader] ServletWebServerApplicationContext.java:284 - Root WebApplicationContext: initialization completed in 3525 ms
2020-05-11 02:29:50,568 [main] INFO  [c.a.d.s.b.a.DruidDataSourceAutoConfigure] DruidDataSourceAutoConfigure.java:56 - Init DruidDataSource
2020-05-11 02:29:50,801 [main] INFO  [com.alibaba.druid.pool.DruidDataSource] DruidDataSource.java:930 - {dataSource-1} inited
2020-05-11 02:29:51,446 [main] INFO  [o.s.scheduling.concurrent.ThreadPoolTaskExecutor] ExecutorConfigurationSupport.java:171 - Initializing ExecutorService 'applicationTaskExecutor'
2020-05-11 02:29:51,658 [main] WARN  [o.s.b.a.t.ThymeleafAutoConfiguration$DefaultTemplateResolverConfiguration] ThymeleafAutoConfiguration.java:106 - Cannot find template location: classpath:/templates/ (please add some templates or check your Thymeleaf configuration)
2020-05-11 02:29:52,585 [main] INFO  [o.s.scheduling.concurrent.ThreadPoolTaskScheduler] ExecutorConfigurationSupport.java:171 - Initializing ExecutorService 'taskScheduler'
2020-05-11 02:29:52,676 [main] INFO  [org.apache.coyote.http11.Http11NioProtocol] DirectJDKLog.java:173 - Starting ProtocolHandler ["http-nio-8888"]
2020-05-11 02:29:52,736 [main] INFO  [o.s.boot.web.embedded.tomcat.TomcatWebServer] TomcatWebServer.java:202 - Tomcat started on port(s): 8888 (http) with context path ''
2020-05-11 02:29:52,742 [main] INFO  [com.drgs.BusinessbootApplication] StartupInfoLogger.java:59 - Started BusinessbootApplication in 6.833 seconds (JVM running for 8.999)
2020-05-11 02:30:03,758 [http-nio-8888-exec-1] INFO  [o.a.c.core.ContainerBase.[Tomcat].[localhost].[/]] DirectJDKLog.java:173 - Initializing Spring DispatcherServlet 'dispatcherServlet'
2020-05-11 02:30:03,759 [http-nio-8888-exec-1] INFO  [org.springframework.web.servlet.DispatcherServlet] FrameworkServlet.java:524 - Initializing Servlet 'dispatcherServlet'
2020-05-11 02:30:03,781 [http-nio-8888-exec-1] INFO  [org.springframework.web.servlet.DispatcherServlet] FrameworkServlet.java:546 - Completed initialization in 20 ms
